TN:
SF:C:\xampp\htdocs\memory-wars\src\scripts\app.js
FN:1,(anonymous_1)
FNF:1
FNH:1
FNDA:1,(anonymous_1)
DA:1,1
DA:2,1
LF:2
LH:2
BRF:0
BRH:0
end_of_record
TN:
SF:C:\xampp\htdocs\memory-wars\src\scripts\app.config.js
FNF:0
FNH:0
LF:0
LH:0
BRF:0
BRH:0
end_of_record
TN:
SF:C:\xampp\htdocs\memory-wars\src\scripts\app.constant.js
FN:1,(anonymous_1)
FNF:1
FNH:1
FNDA:1,(anonymous_1)
DA:1,1
DA:4,1
LF:2
LH:2
BRF:0
BRH:0
end_of_record
TN:
SF:C:\xampp\htdocs\memory-wars\src\scripts\controllers\game_controller.js
FN:1,(anonymous_1)
FN:9,GameController
FN:20,activate
FNF:3
FNH:3
FNDA:1,(anonymous_1)
FNDA:24,GameController
FNDA:25,activate
DA:1,1
DA:4,1
DA:8,1
DA:9,1
DA:10,24
DA:11,24
DA:12,24
DA:13,24
DA:14,24
DA:15,24
DA:16,24
DA:18,24
DA:20,1
DA:21,25
DA:23,21
DA:25,21
DA:26,21
DA:27,21
DA:28,21
DA:30,1
DA:34,24
DA:36,24
DA:37,2
DA:39,1
DA:40,1
DA:42,1
DA:43,1
DA:47,24
DA:48,5
DA:49,2
DA:52,3
DA:53,2
DA:54,1
DA:57,1
DA:58,1
DA:60,1
DA:62,1
DA:63,1
DA:67,24
DA:69,24
DA:70,1
DA:71,1
DA:73,1
DA:76,24
DA:77,4
DA:79,4
DA:80,4
DA:81,2
DA:82,2
DA:84,2
DA:85,1
DA:88,2
DA:89,2
DA:92,2
DA:93,2
DA:94,2
DA:97,2
DA:98,1
DA:101,2
DA:106,24
DA:107,3
DA:108,1
DA:109,1
DA:110,1
DA:112,2
DA:116,24
DA:117,2
DA:119,2
DA:121,1
DA:123,1
DA:127,24
DA:128,5
DA:129,15
DA:132,5
DA:135,24
DA:136,1
DA:137,1
DA:139,1
LF:78
LH:78
BRDA:37,1,0,1
BRDA:37,1,1,1
BRDA:48,2,0,2
BRDA:48,2,1,3
BRDA:48,3,0,5
BRDA:48,3,1,4
BRDA:52,4,0,2
BRDA:52,4,1,1
BRDA:53,5,0,1
BRDA:53,5,1,1
BRDA:80,6,0,2
BRDA:80,6,1,2
BRDA:84,7,0,1
BRDA:84,7,1,1
BRDA:93,8,0,2
BRDA:93,8,1,0
BRDA:97,9,0,1
BRDA:97,9,1,1
BRDA:107,10,0,1
BRDA:107,10,1,2
BRDA:132,11,0,3
BRDA:132,11,1,2
BRF:22
BRH:21
end_of_record
TN:
SF:C:\xampp\htdocs\memory-wars\src\scripts\controllers\game_controller_test.js
FNF:0
FNH:0
DA:1,1
DA:2,1
DA:3,1
DA:5,1
DA:6,24
DA:9,1
DA:10,24
DA:11,24
DA:12,24
DA:13,24
DA:14,24
DA:15,24
DA:16,24
DA:17,24
DA:18,24
DA:19,24
DA:20,24
DA:23,1
DA:24,1
DA:25,1
DA:29,1
DA:30,1
DA:33,1
DA:35,1
DA:37,1
DA:39,1
DA:42,1
DA:43,1
DA:44,1
DA:49,1
DA:50,1
DA:55,1
DA:57,1
DA:59,1
DA:60,1
DA:61,1
DA:62,1
DA:63,1
DA:67,1
DA:68,1
DA:69,1
DA:71,1
DA:73,1
DA:77,1
DA:78,1
DA:79,1
DA:81,1
DA:83,1
DA:84,1
DA:86,1
DA:89,1
DA:90,1
DA:92,1
DA:94,1
DA:95,1
DA:97,1
DA:101,1
DA:102,1
DA:103,1
DA:105,1
DA:110,1
DA:115,1
DA:116,1
DA:121,1
DA:123,1
DA:125,1
DA:127,1
DA:129,1
DA:131,1
DA:132,1
DA:133,1
DA:136,1
DA:137,1
DA:139,1
DA:145,1
DA:150,1
DA:151,1
DA:156,1
DA:158,1
DA:160,1
DA:162,1
DA:164,1
DA:165,1
DA:166,1
DA:169,1
DA:170,1
DA:172,1
DA:177,1
DA:182,1
DA:183,1
DA:188,1
DA:190,1
DA:192,1
DA:194,1
DA:196,1
DA:198,1
DA:199,1
DA:200,1
DA:203,1
DA:204,1
DA:206,1
DA:211,1
DA:216,1
DA:217,1
DA:222,1
DA:224,1
DA:226,1
DA:228,1
DA:230,1
DA:231,1
DA:232,1
DA:233,1
DA:234,1
DA:237,1
DA:238,1
DA:240,1
DA:246,1
DA:251,1
DA:256,1
DA:257,1
DA:262,1
DA:264,1
DA:266,1
DA:268,1
DA:270,1
DA:272,1
DA:273,1
DA:274,1
DA:275,1
DA:276,1
DA:277,1
DA:278,1
DA:282,1
DA:283,1
DA:284,1
DA:285,1
DA:290,1
DA:291,2
DA:296,1
DA:298,1
DA:300,1
DA:301,1
DA:302,1
DA:303,1
DA:305,1
DA:306,1
DA:307,1
DA:309,1
DA:311,1
DA:313,1
DA:314,1
DA:315,1
DA:316,1
DA:320,1
DA:321,1
DA:322,1
DA:323,1
DA:328,1
DA:329,1
DA:334,1
DA:336,1
DA:338,1
DA:339,1
DA:340,1
DA:341,1
DA:343,1
DA:344,1
DA:345,1
DA:347,1
DA:349,1
DA:351,1
DA:352,1
DA:353,1
DA:357,1
DA:358,1
DA:359,1
DA:360,1
DA:362,1
DA:367,1
DA:372,1
DA:377,1
DA:382,1
DA:383,1
DA:384,1
DA:385,1
DA:387,1
DA:392,1
DA:393,1
DA:398,1
DA:400,1
DA:402,1
DA:404,1
DA:406,1
DA:407,1
DA:409,1
DA:410,1
DA:411,1
DA:413,1
DA:415,1
DA:416,1
DA:418,1
DA:420,1
DA:421,1
DA:422,1
DA:425,1
DA:426,1
DA:427,1
DA:429,1
DA:434,1
DA:439,1
DA:444,1
DA:449,1
DA:450,1
DA:451,1
DA:452,1
DA:454,1
DA:459,1
DA:460,1
DA:465,1
DA:467,1
DA:469,1
DA:471,1
DA:472,1
DA:474,1
DA:475,1
DA:477,1
DA:478,1
DA:480,1
DA:481,1
DA:482,1
DA:484,1
DA:486,1
DA:487,1
DA:489,1
DA:491,1
DA:492,1
DA:493,1
DA:496,1
DA:497,1
DA:498,1
DA:500,1
DA:505,1
DA:510,1
DA:515,1
DA:520,1
DA:521,1
DA:522,1
DA:523,1
DA:525,1
DA:530,1
DA:531,1
DA:536,1
DA:538,1
DA:539,1
DA:541,1
DA:543,1
DA:544,1
DA:546,1
DA:547,1
DA:549,1
DA:550,1
DA:552,1
DA:553,1
DA:554,1
DA:556,1
DA:558,1
DA:559,1
DA:560,1
DA:561,1
DA:563,1
DA:565,1
DA:567,1
DA:570,1
DA:571,1
DA:572,1
DA:574,1
DA:579,1
DA:585,1
DA:590,1
DA:596,1
DA:597,1
DA:598,1
DA:599,1
DA:601,1
DA:606,1
DA:607,1
DA:612,1
DA:614,1
DA:615,1
DA:617,1
DA:619,1
DA:620,1
DA:622,1
DA:623,1
DA:625,1
DA:626,1
DA:628,1
DA:629,1
DA:630,1
DA:632,1
DA:634,1
DA:635,1
DA:636,1
DA:637,1
DA:639,1
DA:641,1
DA:643,1
DA:647,1
DA:648,1
DA:649,1
DA:650,1
DA:655,1
DA:656,1
DA:661,1
DA:663,1
DA:665,1
DA:666,1
DA:667,1
DA:668,1
DA:670,1
DA:672,1
DA:674,1
DA:675,1
DA:676,1
DA:679,1
DA:680,1
DA:681,1
DA:686,1
DA:687,1
DA:692,1
DA:694,1
DA:696,1
DA:697,1
DA:698,1
DA:699,1
DA:701,1
DA:703,1
DA:705,1
DA:706,1
DA:707,1
DA:709,1
DA:711,1
DA:713,1
DA:714,1
DA:715,1
DA:719,1
DA:720,1
DA:721,1
DA:722,1
DA:727,1
DA:728,1
DA:733,1
DA:734,1
DA:739,1
DA:741,1
DA:743,1
DA:745,1
DA:747,1
DA:749,1
DA:750,1
DA:753,1
DA:754,1
DA:755,1
DA:760,1
DA:761,1
DA:766,1
DA:767,1
DA:770,1
DA:772,1
DA:774,1
DA:776,1
DA:778,1
DA:780,1
DA:781,1
DA:785,1
DA:786,1
DA:787,1
DA:788,1
DA:790,1
DA:795,1
DA:801,1
DA:806,1
DA:812,1
DA:813,1
DA:814,1
DA:815,1
DA:817,1
DA:822,1
DA:824,1
DA:826,1
DA:828,1
DA:831,1
DA:832,1
DA:833,1
DA:835,1
DA:841,1
DA:847,1
DA:853,1
DA:859,1
DA:860,1
DA:861,1
DA:862,1
DA:864,1
DA:869,1
DA:871,1
DA:873,1
DA:875,1
DA:878,1
DA:879,1
DA:880,1
DA:882,1
DA:887,1
DA:893,1
DA:898,1
DA:900,1
DA:902,1
DA:903,1
DA:904,1
DA:906,1
DA:907,1
DA:908,1
DA:910,1
DA:912,1
DA:913,1
DA:914,1
DA:917,1
DA:918,1
DA:919,1
DA:921,1
DA:927,1
DA:933,1
DA:939,1
DA:945,1
DA:946,1
DA:947,1
DA:948,1
DA:950,1
DA:955,1
DA:957,1
DA:959,1
DA:961,1
LF:441
LH:441
BRF:0
BRH:0
end_of_record
TN:
SF:C:\xampp\htdocs\memory-wars\src\scripts\models\card_model.js
FN:1,(anonymous_1)
FN:8,CardModel
FN:10,(anonymous_3)
FN:37,(anonymous_4)
FN:48,(anonymous_5)
FN:59,(anonymous_6)
FN:70,(anonymous_7)
FNF:7
FNH:7
FNDA:1,(anonymous_1)
FNDA:42,CardModel
FNDA:194,(anonymous_3)
FNDA:9,(anonymous_4)
FNDA:55,(anonymous_5)
FNDA:11,(anonymous_6)
FNDA:77,(anonymous_7)
DA:1,1
DA:4,1
DA:8,1
DA:22,194
DA:23,194
DA:24,194
DA:25,194
DA:27,194
DA:38,9
DA:49,55
DA:60,11
DA:71,77
DA:75,42
LF:13
LH:13
BRF:0
BRH:0
end_of_record
TN:
SF:C:\xampp\htdocs\memory-wars\src\scripts\models\card_model_test.js
FNF:0
FNH:0
DA:1,1
DA:2,1
DA:3,1
DA:5,1
DA:7,1
DA:8,10
DA:10,10
DA:16,1
DA:17,1
DA:18,1
DA:20,1
DA:21,1
DA:22,1
DA:23,1
DA:26,1
DA:27,1
DA:29,1
DA:30,2
DA:35,1
DA:36,1
DA:37,1
DA:39,1
DA:41,1
DA:44,1
DA:45,1
DA:47,1
DA:49,1
DA:53,1
DA:54,1
DA:55,1
DA:57,1
DA:59,1
DA:62,1
DA:63,1
DA:65,1
DA:67,1
DA:71,1
DA:72,1
DA:73,1
DA:75,1
DA:77,1
DA:80,1
DA:81,1
DA:83,1
DA:85,1
DA:89,1
DA:90,1
DA:91,1
DA:93,1
DA:95,1
DA:98,1
DA:99,1
DA:101,1
DA:103,1
LF:54
LH:54
BRF:0
BRH:0
end_of_record
TN:
SF:C:\xampp\htdocs\memory-wars\src\scripts\models\game_model.js
FN:1,(anonymous_1)
FN:9,GameModel
FN:11,(anonymous_3)
FN:38,(anonymous_4)
FN:58,(anonymous_5)
FN:69,(anonymous_6)
FN:84,(anonymous_7)
FNF:7
FNH:7
FNDA:1,(anonymous_1)
FNDA:32,GameModel
FNDA:30,(anonymous_3)
FNDA:6,(anonymous_4)
FNDA:6,(anonymous_5)
FNDA:2,(anonymous_6)
FNDA:6,(anonymous_7)
DA:1,1
DA:4,1
DA:8,1
DA:9,1
DA:22,30
DA:23,30
DA:24,30
DA:25,30
DA:26,30
DA:28,30
DA:39,6
DA:41,6
DA:42,144
DA:48,6
DA:59,6
DA:70,2
DA:71,48
DA:74,2
DA:85,6
DA:89,32
LF:20
LH:20
BRDA:85,1,0,6
BRDA:85,1,1,6
BRDA:85,1,2,5
BRF:3
BRH:3
end_of_record
TN:
SF:C:\xampp\htdocs\memory-wars\src\scripts\models\game_model_test.js
FNF:0
FNH:0
DA:1,1
DA:2,1
DA:3,1
DA:4,1
DA:6,1
DA:8,1
DA:9,8
DA:10,8
DA:11,8
DA:14,1
DA:15,1
DA:16,1
DA:18,1
DA:19,1
DA:20,1
DA:21,1
DA:22,1
DA:25,1
DA:26,1
DA:30,1
DA:32,1
DA:33,1
DA:38,1
DA:39,1
DA:40,1
DA:42,1
DA:44,1
DA:46,1
DA:50,1
DA:51,1
DA:52,1
DA:54,1
DA:56,1
DA:58,1
DA:60,1
DA:62,1
DA:66,1
DA:67,1
DA:68,1
DA:70,1
DA:72,1
DA:73,23
DA:76,1
DA:79,1
DA:80,1
DA:82,1
DA:84,1
DA:85,24
DA:88,1
DA:92,1
DA:93,1
DA:94,1
DA:98,1
DA:102,1
DA:104,1
DA:106,1
DA:107,1
DA:109,1
DA:112,1
DA:113,1
DA:117,1
DA:121,1
DA:123,1
DA:125,1
DA:126,1
DA:128,1
LF:66
LH:66
BRF:0
BRH:0
end_of_record
TN:
SF:C:\xampp\htdocs\memory-wars\src\scripts\models\player_model.js
FN:1,(anonymous_1)
FN:8,PlayerModel
FN:10,(anonymous_3)
FN:32,(anonymous_4)
FN:43,(anonymous_5)
FNF:5
FNH:5
FNDA:1,(anonymous_1)
FNDA:35,PlayerModel
FNDA:51,(anonymous_3)
FNDA:6,(anonymous_4)
FNDA:5,(anonymous_5)
DA:1,1
DA:4,1
DA:8,1
DA:19,51
DA:20,51
DA:22,51
DA:33,6
DA:44,5
DA:45,4
DA:50,35
LF:10
LH:10
BRDA:44,1,0,4
BRDA:44,1,1,1
BRF:2
BRH:2
end_of_record
TN:
SF:C:\xampp\htdocs\memory-wars\src\scripts\models\player_model_test.js
FNF:0
FNH:0
DA:1,1
DA:2,1
DA:3,1
DA:5,1
DA:7,1
DA:8,8
DA:10,8
DA:16,1
DA:17,1
DA:18,1
DA:20,1
DA:21,1
DA:24,1
DA:25,1
DA:27,1
DA:28,2
DA:33,1
DA:34,1
DA:35,1
DA:37,1
DA:40,1
DA:41,1
DA:43,1
DA:45,1
DA:48,1
DA:49,1
DA:51,1
DA:55,1
DA:56,1
DA:57,1
DA:59,1
DA:61,1
DA:64,1
DA:65,1
DA:67,1
DA:69,1
DA:72,1
DA:73,1
DA:75,1
DA:77,1
LF:40
LH:40
BRF:0
BRH:0
end_of_record
TN:
SF:C:\xampp\htdocs\memory-wars\src\scripts\services\guid_service.js
FN:1,(anonymous_1)
FN:8,GuidService
FN:11,getNewGuid
FNF:3
FNH:3
FNDA:1,(anonymous_1)
FNDA:1,GuidService
FNDA:1,getNewGuid
DA:1,1
DA:4,1
DA:8,1
DA:9,1
DA:11,1
DA:14,1
DA:15,31
DA:16,31
LF:8
LH:8
BRDA:15,1,0,30
BRDA:15,1,1,1
BRF:2
BRH:2
end_of_record
TN:
SF:C:\xampp\htdocs\memory-wars\src\scripts\services\guid_service_test.js
FN:1,(anonymous_1)
FN:6,(anonymous_2)
FN:10,(anonymous_3)
FN:11,(anonymous_4)
FNF:4
FNH:4
FNDA:1,(anonymous_1)
FNDA:1,(anonymous_2)
FNDA:1,(anonymous_3)
FNDA:1,(anonymous_4)
DA:1,1
DA:2,1
DA:4,1
DA:6,1
DA:7,1
DA:10,1
DA:11,1
DA:12,1
DA:13,1
DA:14,1
LF:10
LH:10
BRF:0
BRH:0
end_of_record
TN:
SF:C:\xampp\htdocs\memory-wars\src\scripts\services\player_service.js
FN:1,(anonymous_1)
FN:10,PlayerService
FN:21,getPlayers
FN:39,addPlayer
FNF:4
FNH:4
FNDA:1,(anonymous_1)
FNDA:27,PlayerService
FNDA:8,getPlayers
FNDA:2,addPlayer
DA:1,1
DA:4,1
DA:8,1
DA:10,1
DA:11,27
DA:12,27
DA:21,1
DA:22,8
DA:24,8
DA:26,8
DA:39,1
DA:40,2
DA:42,2
DA:44,1
DA:46,1
DA:47,0
DA:50,1
DA:51,1
DA:53,0
DA:54,0
DA:57,1
DA:59,1
DA:62,1
LF:23
LH:20
BRDA:22,1,0,8
BRDA:22,1,1,7
BRDA:44,2,0,1
BRDA:44,2,1,0
BRDA:50,3,0,1
BRDA:50,3,1,0
BRF:6
BRH:4
end_of_record
TN:
SF:C:\xampp\htdocs\memory-wars\src\scripts\services\player_service_test.js
FN:1,(anonymous_1)
FN:6,(anonymous_2)
FN:15,(anonymous_3)
FN:16,(anonymous_4)
FN:38,(anonymous_5)
FN:39,(anonymous_6)
FN:64,(anonymous_7)
FNF:7
FNH:7
FNDA:1,(anonymous_1)
FNDA:3,(anonymous_2)
FNDA:1,(anonymous_3)
FNDA:1,(anonymous_4)
FNDA:1,(anonymous_5)
FNDA:1,(anonymous_6)
FNDA:1,(anonymous_7)
DA:1,1
DA:2,1
DA:4,1
DA:6,1
DA:7,3
DA:8,3
DA:9,3
DA:10,3
DA:11,3
DA:12,3
DA:15,1
DA:16,1
DA:17,1
DA:18,1
DA:23,1
DA:24,1
DA:26,1
DA:28,1
DA:30,1
DA:32,1
DA:34,1
DA:38,1
DA:39,1
DA:40,1
DA:44,1
DA:45,1
DA:47,1
DA:48,1
DA:50,1
DA:55,1
DA:57,1
DA:59,1
DA:60,1
DA:61,1
DA:64,1
DA:65,1
DA:66,1
DA:70,1
DA:72,1
DA:77,1
DA:78,1
DA:80,1
DA:82,1
DA:84,1
DA:85,1
LF:45
LH:45
BRF:0
BRH:0
end_of_record
TN:
SF:C:\xampp\htdocs\memory-wars\src\scripts\services\storage_service.js
FN:1,(anonymous_1)
FN:10,StorageService
FN:21,exists
FN:25,get
FN:38,set
FN:47,remove
FN:56,getLength
FN:60,clear
FN:64,_isJson
FNF:9
FNH:9
FNDA:1,(anonymous_1)
FNDA:38,StorageService
FNDA:40,exists
FNDA:15,get
FNDA:11,set
FNDA:9,remove
FNDA:43,getLength
FNDA:2,clear
FNDA:8,_isJson
DA:1,1
DA:4,1
DA:8,1
DA:10,1
DA:12,38
DA:13,38
DA:14,38
DA:15,38
DA:16,38
DA:17,38
DA:18,38
DA:19,38
DA:21,1
DA:22,40
DA:25,1
DA:26,15
DA:27,0
DA:30,15
DA:31,6
DA:32,6
DA:35,9
DA:38,1
DA:39,11
DA:40,4
DA:43,11
DA:44,11
DA:47,1
DA:48,9
DA:49,8
DA:50,8
DA:53,1
DA:56,1
DA:57,43
DA:60,1
DA:61,2
DA:64,1
DA:65,8
DA:66,8
DA:68,7
DA:71,1
LF:40
LH:39
BRDA:22,1,0,40
BRDA:22,1,1,21
BRDA:26,2,0,0
BRDA:26,2,1,15
BRDA:30,3,0,6
BRDA:30,3,1,9
BRDA:32,4,0,0
BRDA:32,4,1,6
BRDA:39,5,0,4
BRDA:39,5,1,7
BRDA:43,6,0,0
BRDA:43,6,1,11
BRDA:48,7,0,8
BRDA:48,7,1,1
BRF:14
BRH:11
end_of_record
TN:
SF:C:\xampp\htdocs\memory-wars\src\scripts\services\storage_service_test.js
FN:1,(anonymous_1)
FN:6,(anonymous_2)
FN:10,(anonymous_3)
FN:11,(anonymous_4)
FN:17,(anonymous_5)
FN:28,(anonymous_6)
FN:29,(anonymous_7)
FN:35,(anonymous_8)
FN:46,(anonymous_9)
FN:47,(anonymous_10)
FN:65,(anonymous_11)
FN:66,(anonymous_12)
FN:72,(anonymous_13)
FN:85,(anonymous_14)
FN:86,(anonymous_15)
FN:103,(anonymous_16)
FN:104,(anonymous_17)
FN:121,(anonymous_18)
FN:122,(anonymous_19)
FN:126,(anonymous_20)
FNF:20
FNH:20
FNDA:1,(anonymous_1)
FNDA:11,(anonymous_2)
FNDA:1,(anonymous_3)
FNDA:1,(anonymous_4)
FNDA:1,(anonymous_5)
FNDA:1,(anonymous_6)
FNDA:1,(anonymous_7)
FNDA:1,(anonymous_8)
FNDA:1,(anonymous_9)
FNDA:1,(anonymous_10)
FNDA:1,(anonymous_11)
FNDA:1,(anonymous_12)
FNDA:1,(anonymous_13)
FNDA:1,(anonymous_14)
FNDA:1,(anonymous_15)
FNDA:1,(anonymous_16)
FNDA:1,(anonymous_17)
FNDA:1,(anonymous_18)
FNDA:1,(anonymous_19)
FNDA:1,(anonymous_20)
DA:1,1
DA:2,1
DA:4,1
DA:6,1
DA:7,11
DA:10,1
DA:11,1
DA:12,1
DA:14,1
DA:17,1
DA:18,1
DA:20,1
DA:22,1
DA:24,1
DA:28,1
DA:29,1
DA:30,1
DA:32,1
DA:35,1
DA:36,1
DA:38,1
DA:40,1
DA:42,1
DA:46,1
DA:47,1
DA:48,1
DA:50,1
DA:52,1
DA:54,1
DA:56,1
DA:58,1
DA:60,1
DA:65,1
DA:66,1
DA:67,1
DA:69,1
DA:72,1
DA:73,1
DA:75,1
DA:77,1
DA:79,1
DA:81,1
DA:85,1
DA:86,1
DA:87,1
DA:89,1
DA:91,1
DA:93,1
DA:95,1
DA:97,1
DA:99,1
DA:103,1
DA:104,1
DA:105,1
DA:106,1
DA:107,1
DA:109,1
DA:110,1
DA:111,1
DA:113,1
DA:115,1
DA:116,1
DA:117,1
DA:121,1
DA:122,1
DA:123,1
DA:126,1
DA:127,1
LF:68
LH:68
BRF:0
BRH:0
end_of_record
